This file contains any messages produced by compilers while
running configure, to aid debugging if configure makes a mistake.

It was created by bigmpi configure 0, which was
generated by GNU Autoconf 2.69.  Invocation command line was

  $ ./configure --enable-g --disable-static --with-max-int=1048576 LIBS=-lm -lpthread

## --------- ##
## Platform. ##
## --------- ##

hostname = pavel-desktop
uname -m = x86_64
uname -r = 4.4.0-24-generic
uname -s = Linux
uname -v = #43-Ubuntu SMP Wed Jun 8 19:27:37 UTC 2016

/usr/bin/uname -p = unknown
/bin/uname -X     = unknown

/bin/arch              = unknown
/usr/bin/arch -k       = unknown
/usr/convex/getsysinfo = unknown
/usr/bin/hostinfo      = unknown
/bin/machine           = unknown
/usr/bin/oslevel       = unknown
/bin/universe          = unknown

PATH: /usr/local/sbin
PATH: /usr/local/bin
PATH: /usr/sbin
PATH: /usr/bin
PATH: /sbin
PATH: /bin
PATH: /usr/games
PATH: /usr/local/games
PATH: /snap/bin
PATH: /usr/local/mpich/bin


## ----------- ##
## Core tests. ##
## ----------- ##

configure:2335: checking for a BSD-compatible install
configure:2403: result: /usr/bin/install -c
configure:2414: checking whether build environment is sane
configure:2469: result: yes
configure:2620: checking for a thread-safe mkdir -p
configure:2659: result: /bin/mkdir -p
configure:2666: checking for gawk
configure:2696: result: no
configure:2666: checking for mawk
configure:2682: found /usr/bin/mawk
configure:2693: result: mawk
configure:2704: checking whether make sets $(MAKE)
configure:2726: result: yes
configure:2755: checking whether make supports nested variables
configure:2772: result: yes
configure:3025: checking for C compiler version
configure:3034: mpicc --version >&5
gcc (Ubuntu 5.3.1-14ubuntu2.1) 5.3.1 20160413
Copyright (C) 2015 Free Software Foundation, Inc.
This is free software; see the source for copying conditions.  There is NO
warranty; not even for MERCHANTABILITY or FITNESS FOR A PARTICULAR PURPOSE.

configure:3045: $? = 0
configure:3034: mpicc -v >&5
mpicc for MPICH version 3.2
Using built-in specs.
COLLECT_GCC=gcc
COLLECT_LTO_WRAPPER=/usr/lib/gcc/x86_64-linux-gnu/5/lto-wrapper
Target: x86_64-linux-gnu
Configured with: ../src/configure -v --with-pkgversion='Ubuntu 5.3.1-14ubuntu2.1' --with-bugurl=file:///usr/share/doc/gcc-5/README.Bugs --enable-languages=c,ada,c++,java,go,d,fortran,objc,obj-c++ --prefix=/usr --program-suffix=-5 --enable-shared --enable-linker-build-id --libexecdir=/usr/lib --without-included-gettext --enable-threads=posix --libdir=/usr/lib --enable-nls --with-sysroot=/ --enable-clocale=gnu --enable-libstdcxx-debug --enable-libstdcxx-time=yes --with-default-libstdcxx-abi=new --enable-gnu-unique-object --disable-vtable-verify --enable-libmpx --enable-plugin --with-system-zlib --disable-browser-plugin --enable-java-awt=gtk --enable-gtk-cairo --with-java-home=/usr/lib/jvm/java-1.5.0-gcj-5-amd64/jre --enable-java-home --with-jvm-root-dir=/usr/lib/jvm/java-1.5.0-gcj-5-amd64 --with-jvm-jar-dir=/usr/lib/jvm-exports/java-1.5.0-gcj-5-amd64 --with-arch-directory=amd64 --with-ecj-jar=/usr/share/java/eclipse-ecj.jar --enable-objc-gc --enable-multiarch --disable-werror --with-arch-32=i686 --with-abi=m64 --with-multilib-list=m32,m64,mx32 --enable-multilib --with-tune=generic --enable-checking=release --build=x86_64-linux-gnu --host=x86_64-linux-gnu --target=x86_64-linux-gnu
Thread model: posix
gcc version 5.3.1 20160413 (Ubuntu 5.3.1-14ubuntu2.1) 
configure:3045: $? = 0
configure:3034: mpicc -V >&5
gcc: error: unrecognized command line option '-V'
configure:3045: $? = 1
configure:3034: mpicc -qversion >&5
gcc: error: unrecognized command line option '-qversion'
configure:3045: $? = 1
configure:3065: checking whether the C compiler works
configure:3087: mpicc -std=c99   conftest.c -lm -lpthread >&5
configure:3091: $? = 0
configure:3139: result: yes
configure:3142: checking for C compiler default output file name
configure:3144: result: a.out
configure:3150: checking for suffix of executables
configure:3157: mpicc -o conftest -std=c99   conftest.c -lm -lpthread >&5
configure:3161: $? = 0
configure:3183: result: 
configure:3205: checking whether we are cross compiling
configure:3213: mpicc -o conftest -std=c99   conftest.c -lm -lpthread >&5
configure:3217: $? = 0
configure:3224: ./conftest
configure:3228: $? = 0
configure:3243: result: no
configure:3248: checking for suffix of object files
configure:3270: mpicc -c -std=c99  conftest.c >&5
configure:3274: $? = 0
configure:3295: result: o
configure:3299: checking whether we are using the GNU C compiler
configure:3318: mpicc -c -std=c99  conftest.c >&5
configure:3318: $? = 0
configure:3327: result: yes
configure:3336: checking whether mpicc accepts -g
configure:3356: mpicc -c -g  conftest.c >&5
configure:3356: $? = 0
configure:3397: result: yes
configure:3414: checking for mpicc option to accept ISO C89
configure:3477: mpicc  -c -std=c99  conftest.c >&5
configure:3477: $? = 0
configure:3490: result: none needed
configure:3515: checking whether mpicc understands -c and -o together
configure:3537: mpicc -c conftest.c -o conftest2.o
configure:3540: $? = 0
configure:3537: mpicc -c conftest.c -o conftest2.o
configure:3540: $? = 0
configure:3552: result: yes
configure:3580: checking for style of include used by make
configure:3608: result: GNU
configure:3634: checking dependency style of mpicc
configure:3745: result: gcc3
configure:3814: checking for ar
configure:3830: found /usr/bin/ar
configure:3841: result: ar
configure:3867: checking the archiver (ar) interface
configure:3883: mpicc -c -std=c99  conftest.c >&5
configure:3883: $? = 0
configure:3885: ar cru libconftest.a conftest.o >&5
ar: `u' modifier ignored since `D' is the default (see `U')
configure:3888: $? = 0
configure:3916: result: ar
configure:3966: checking build system type
configure:3980: result: x86_64-pc-linux-gnu
configure:4000: checking host system type
configure:4013: result: x86_64-pc-linux-gnu
configure:4054: checking how to print strings
configure:4081: result: printf
configure:4102: checking for a sed that does not truncate output
configure:4166: result: /bin/sed
configure:4184: checking for grep that handles long lines and -e
configure:4242: result: /bin/grep
configure:4247: checking for egrep
configure:4309: result: /bin/grep -E
configure:4314: checking for fgrep
configure:4376: result: /bin/grep -F
configure:4411: checking for ld used by mpicc
configure:4478: result: /usr/bin/ld
configure:4485: checking if the linker (/usr/bin/ld) is GNU ld
configure:4500: result: yes
configure:4512: checking for BSD- or MS-compatible name lister (nm)
configure:4566: result: /usr/bin/nm -B
configure:4696: checking the name lister (/usr/bin/nm -B) interface
configure:4703: mpicc -c -std=c99  conftest.c >&5
configure:4706: /usr/bin/nm -B "conftest.o"
configure:4709: output
0000000000000000 B some_variable
configure:4716: result: BSD nm
configure:4719: checking whether ln -s works
configure:4723: result: yes
configure:4731: checking the maximum length of command line arguments
configure:4862: result: 1572864
configure:4910: checking how to convert x86_64-pc-linux-gnu file names to x86_64-pc-linux-gnu format
configure:4950: result: func_convert_file_noop
configure:4957: checking how to convert x86_64-pc-linux-gnu file names to toolchain format
configure:4977: result: func_convert_file_noop
configure:4984: checking for /usr/bin/ld option to reload object files
configure:4991: result: -r
configure:5065: checking for objdump
configure:5081: found /usr/bin/objdump
configure:5092: result: objdump
configure:5124: checking how to recognize dependent libraries
configure:5324: result: pass_all
configure:5409: checking for dlltool
configure:5439: result: no
configure:5469: checking how to associate runtime and link libraries
configure:5496: result: printf %s\n
configure:5620: checking for archiver @FILE support
configure:5637: mpicc -c -std=c99  conftest.c >&5
configure:5637: $? = 0
configure:5640: ar cru libconftest.a @conftest.lst >&5
ar: `u' modifier ignored since `D' is the default (see `U')
configure:5643: $? = 0
configure:5648: ar cru libconftest.a @conftest.lst >&5
ar: `u' modifier ignored since `D' is the default (see `U')
ar: conftest.o: No such file or directory
configure:5651: $? = 1
configure:5663: result: @
configure:5721: checking for strip
configure:5737: found /usr/bin/strip
configure:5748: result: strip
configure:5820: checking for ranlib
configure:5836: found /usr/bin/ranlib
configure:5847: result: ranlib
configure:5949: checking command to parse /usr/bin/nm -B output from mpicc object
configure:6102: mpicc -c -std=c99  conftest.c >&5
configure:6105: $? = 0
configure:6109: /usr/bin/nm -B conftest.o \| sed -n -e 's/^.*[ ]\([ABCDGIRSTW][ABCDGIRSTW]*\)[ ][ ]*\([_A-Za-z][_A-Za-z0-9]*\)$/\1 \2 \2/p' | sed '/ __gnu_lto/d' \> conftest.nm
configure:6112: $? = 0
configure:6178: mpicc -o conftest -std=c99   conftest.c conftstm.o >&5
configure:6181: $? = 0
configure:6219: result: ok
configure:6266: checking for sysroot
configure:6296: result: no
configure:6303: checking for a working dd
configure:6341: result: /bin/dd
configure:6345: checking how to truncate binary pipes
configure:6360: result: /bin/dd bs=4096 count=1
configure:6496: mpicc -c -std=c99  conftest.c >&5
configure:6499: $? = 0
configure:6689: checking for mt
configure:6705: found /bin/mt
configure:6716: result: mt
configure:6739: checking if mt is a manifest tool
configure:6745: mt '-?'
configure:6753: result: no
configure:7430: checking how to run the C preprocessor
configure:7461: mpicc -E  conftest.c
configure:7461: $? = 0
configure:7475: mpicc -E  conftest.c
conftest.c:11:28: fatal error: ac_nonexistent.h: No such file or directory
compilation terminated.
configure:7475: $? = 1
configure: failed program was:
| /* confdefs.h */
| #define PACKAGE_NAME "bigmpi"
| #define PACKAGE_TARNAME "bigmpi"
| #define PACKAGE_VERSION "0"
| #define PACKAGE_STRING "bigmpi 0"
| #define PACKAGE_BUGREPORT ""
| #define PACKAGE_URL ""
| #define PACKAGE "bigmpi"
| #define VERSION "0"
| /* end confdefs.h.  */
| #include <ac_nonexistent.h>
configure:7500: result: mpicc -E
configure:7520: mpicc -E  conftest.c
configure:7520: $? = 0
configure:7534: mpicc -E  conftest.c
conftest.c:11:28: fatal error: ac_nonexistent.h: No such file or directory
compilation terminated.
configure:7534: $? = 1
configure: failed program was:
| /* confdefs.h */
| #define PACKAGE_NAME "bigmpi"
| #define PACKAGE_TARNAME "bigmpi"
| #define PACKAGE_VERSION "0"
| #define PACKAGE_STRING "bigmpi 0"
| #define PACKAGE_BUGREPORT ""
| #define PACKAGE_URL ""
| #define PACKAGE "bigmpi"
| #define VERSION "0"
| /* end confdefs.h.  */
| #include <ac_nonexistent.h>
configure:7563: checking for ANSI C header files
configure:7583: mpicc -c -std=c99  conftest.c >&5
configure:7583: $? = 0
configure:7656: mpicc -o conftest -std=c99   conftest.c -lm -lpthread >&5
configure:7656: $? = 0
configure:7656: ./conftest
configure:7656: $? = 0
configure:7667: result: yes
configure:7680: checking for sys/types.h
configure:7680: mpicc -c -std=c99  conftest.c >&5
configure:7680: $? = 0
configure:7680: result: yes
configure:7680: checking for sys/stat.h
configure:7680: mpicc -c -std=c99  conftest.c >&5
configure:7680: $? = 0
configure:7680: result: yes
configure:7680: checking for stdlib.h
configure:7680: mpicc -c -std=c99  conftest.c >&5
configure:7680: $? = 0
configure:7680: result: yes
configure:7680: checking for string.h
configure:7680: mpicc -c -std=c99  conftest.c >&5
configure:7680: $? = 0
configure:7680: result: yes
configure:7680: checking for memory.h
configure:7680: mpicc -c -std=c99  conftest.c >&5
configure:7680: $? = 0
configure:7680: result: yes
configure:7680: checking for strings.h
configure:7680: mpicc -c -std=c99  conftest.c >&5
configure:7680: $? = 0
configure:7680: result: yes
configure:7680: checking for inttypes.h
configure:7680: mpicc -c -std=c99  conftest.c >&5
configure:7680: $? = 0
configure:7680: result: yes
configure:7680: checking for stdint.h
configure:7680: mpicc -c -std=c99  conftest.c >&5
configure:7680: $? = 0
configure:7680: result: yes
configure:7680: checking for unistd.h
configure:7680: mpicc -c -std=c99  conftest.c >&5
configure:7680: $? = 0
configure:7680: result: yes
configure:7694: checking for dlfcn.h
configure:7694: mpicc -c -std=c99  conftest.c >&5
configure:7694: $? = 0
configure:7694: result: yes
configure:7949: checking for objdir
configure:7964: result: .libs
configure:8228: checking if mpicc supports -fno-rtti -fno-exceptions
configure:8246: mpicc -c -std=c99  -fno-rtti -fno-exceptions conftest.c >&5
cc1: warning: command line option '-fno-rtti' is valid for C++/ObjC++ but not for C
configure:8250: $? = 0
configure:8263: result: no
configure:8621: checking for mpicc option to produce PIC
configure:8628: result: -fPIC -DPIC
configure:8636: checking if mpicc PIC flag -fPIC -DPIC works
configure:8654: mpicc -c -std=c99  -fPIC -DPIC -DPIC conftest.c >&5
configure:8658: $? = 0
configure:8671: result: yes
configure:8700: checking if mpicc static flag -static works
configure:8728: result: yes
configure:8743: checking if mpicc supports -c -o file.o
configure:8764: mpicc -c -std=c99  -o out/conftest2.o conftest.c >&5
configure:8768: $? = 0
configure:8790: result: yes
configure:8798: checking if mpicc supports -c -o file.o
configure:8845: result: yes
configure:8878: checking whether the mpicc linker (/usr/bin/ld -m elf_x86_64) supports shared libraries
configure:10141: result: yes
configure:10381: checking dynamic linker characteristics
configure:10962: mpicc -o conftest -std=c99   -Wl,-rpath -Wl,/foo conftest.c -lm -lpthread >&5
configure:10962: $? = 0
configure:11211: result: GNU/Linux ld.so
configure:11333: checking how to hardcode library paths into programs
configure:11358: result: immediate
configure:11906: checking whether stripping libraries is possible
configure:11911: result: yes
configure:11946: checking if libtool supports shared libraries
configure:11948: result: yes
configure:11951: checking whether to build shared libraries
configure:11976: result: no
configure:11979: checking whether to build static libraries
configure:11983: result: yes
configure:12038: checking whether make supports nested variables
configure:12055: result: yes
configure:12397: checking whether the compiler defines __func__
configure:12424: mpicc -o conftest -std=c99    conftest.c -lm -lpthread >&5
configure:12424: $? = 0
configure:12424: ./conftest
configure:12424: $? = 0
configure:12461: result: yes
configure:12470: checking whether the compiler defines __FUNC__
configure:12497: mpicc -o conftest -std=c99    conftest.c -lm -lpthread >&5
conftest.c: In function 'foo':
conftest.c:30:20: error: '__FUNC__' undeclared (first use in this function)
     return (strcmp(__FUNC__, "foo") == 0);
                    ^
conftest.c:30:20: note: each undeclared identifier is reported only once for each function it appears in
configure:12497: $? = 1
configure: program exited with status 1
configure: failed program was:
| /* confdefs.h */
| #define PACKAGE_NAME "bigmpi"
| #define PACKAGE_TARNAME "bigmpi"
| #define PACKAGE_VERSION "0"
| #define PACKAGE_STRING "bigmpi 0"
| #define PACKAGE_BUGREPORT ""
| #define PACKAGE_URL ""
| #define PACKAGE "bigmpi"
| #define VERSION "0"
| #define STDC_HEADERS 1
| #define HAVE_SYS_TYPES_H 1
| #define HAVE_SYS_STAT_H 1
| #define HAVE_STDLIB_H 1
| #define HAVE_STRING_H 1
| #define HAVE_MEMORY_H 1
| #define HAVE_STRINGS_H 1
| #define HAVE_INTTYPES_H 1
| #define HAVE_STDINT_H 1
| #define HAVE_UNISTD_H 1
| #define HAVE_DLFCN_H 1
| #define LT_OBJDIR ".libs/"
| #define HAVE__FUNC__ /**/
| /* end confdefs.h.  */
| 
| 
| #include <string.h>
| int foo(void);
| int foo(void)
| {
|     return (strcmp(__FUNC__, "foo") == 0);
| }
| int main(int argc, char ** argv)
| {
|     return (foo() ? 0 : 1);
| }
| 
| 
configure:12534: result: no
configure:12543: checking whether the compiler sets __FUNCTION__
configure:12570: mpicc -o conftest -std=c99    conftest.c -lm -lpthread >&5
configure:12570: $? = 0
configure:12570: ./conftest
configure:12570: $? = 0
configure:12607: result: yes
configure:12629: checking for variable argument list macro functionality
configure:12645: mpicc -o conftest -std=c99    conftest.c -lm -lpthread >&5
configure:12645: $? = 0
configure:12649: result: yes
configure:12660: checking for an ANSI C-conforming const
configure:12726: mpicc -c -std=c99   conftest.c >&5
configure:12726: $? = 0
configure:12733: result: yes
configure:12741: checking for C/C++ restrict keyword
configure:12766: mpicc -c -std=c99   conftest.c >&5
configure:12766: $? = 0
configure:12774: result: __restrict
configure:12789: checking for mpicc option to accept ISO C99
configure:12938: mpicc  -c -std=c99   conftest.c >&5
configure:12938: $? = 0
configure:12951: result: none needed
configure:12973: checking execinfo.h usability
configure:12973: mpicc -c -std=c99   conftest.c >&5
configure:12973: $? = 0
configure:12973: result: yes
configure:12973: checking execinfo.h presence
configure:12973: mpicc -E  conftest.c
configure:12973: $? = 0
configure:12973: result: yes
configure:12973: checking for execinfo.h
configure:12973: result: yes
configure:12973: checking for stdint.h
configure:12973: result: yes
configure:12973: checking for inttypes.h
configure:12973: result: yes
configure:12983: checking for uint8_t
configure:12983: mpicc -c -std=c99   conftest.c >&5
configure:12983: $? = 0
configure:12983: result: yes
configure:13006: checking debugging support
configure:13008: result: yes
configure:13022: checking whether safety checks are enabled
configure:13024: result: yes
configure:13040: checking whether MPI_Type_create_struct is to be avoided
configure:13042: result: no
configure:13060: checking for maximum integer override
configure:13062: result: 1048576
configure:13080: checking pipelined reductions
configure:13082: result: yes
configure:13093: checking for doxygen
configure:13126: result: no
configure:13247: checking that generated files are newer than configure
configure:13253: result: done
configure:13276: creating ./config.status

## ---------------------- ##
## Running config.status. ##
## ---------------------- ##

This file was extended by bigmpi config.status 0, which was
generated by GNU Autoconf 2.69.  Invocation command line was

  CONFIG_FILES    = 
  CONFIG_HEADERS  = 
  CONFIG_LINKS    = 
  CONFIG_COMMANDS = 
  $ ./config.status 

on pavel-desktop

config.status:1099: creating Makefile
config.status:1099: creating src/bigmpiconf.h
config.status:1280: src/bigmpiconf.h is unchanged
config.status:1328: executing depfiles commands
config.status:1328: executing libtool commands

## ---------------- ##
## Cache variables. ##
## ---------------- ##

ac_cv_build=x86_64-pc-linux-gnu
ac_cv_c_compiler_gnu=yes
ac_cv_c_const=yes
ac_cv_c_restrict=__restrict
ac_cv_c_uint8_t=yes
ac_cv_env_CC_set=
ac_cv_env_CC_value=
ac_cv_env_CFLAGS_set=set
ac_cv_env_CFLAGS_value=-std=c99
ac_cv_env_CPPFLAGS_set=
ac_cv_env_CPPFLAGS_value=
ac_cv_env_CPP_set=
ac_cv_env_CPP_value=
ac_cv_env_LDFLAGS_set=
ac_cv_env_LDFLAGS_value=
ac_cv_env_LIBS_set=set
ac_cv_env_LIBS_value='-lm -lpthread'
ac_cv_env_LT_SYS_LIBRARY_PATH_set=
ac_cv_env_LT_SYS_LIBRARY_PATH_value=
ac_cv_env_build_alias_set=
ac_cv_env_build_alias_value=
ac_cv_env_host_alias_set=
ac_cv_env_host_alias_value=
ac_cv_env_target_alias_set=
ac_cv_env_target_alias_value=
ac_cv_header_dlfcn_h=yes
ac_cv_header_execinfo_h=yes
ac_cv_header_inttypes_h=yes
ac_cv_header_memory_h=yes
ac_cv_header_stdc=yes
ac_cv_header_stdint_h=yes
ac_cv_header_stdlib_h=yes
ac_cv_header_string_h=yes
ac_cv_header_strings_h=yes
ac_cv_header_sys_stat_h=yes
ac_cv_header_sys_types_h=yes
ac_cv_header_unistd_h=yes
ac_cv_host=x86_64-pc-linux-gnu
ac_cv_objext=o
ac_cv_path_EGREP='/bin/grep -E'
ac_cv_path_FGREP='/bin/grep -F'
ac_cv_path_GREP=/bin/grep
ac_cv_path_SED=/bin/sed
ac_cv_path_install='/usr/bin/install -c'
ac_cv_path_lt_DD=/bin/dd
ac_cv_path_mkdir=/bin/mkdir
ac_cv_prog_AWK=mawk
ac_cv_prog_CPP='mpicc -E'
ac_cv_prog_ac_ct_AR=ar
ac_cv_prog_ac_ct_MANIFEST_TOOL=mt
ac_cv_prog_ac_ct_OBJDUMP=objdump
ac_cv_prog_ac_ct_RANLIB=ranlib
ac_cv_prog_ac_ct_STRIP=strip
ac_cv_prog_cc_c89=
ac_cv_prog_cc_c99=
ac_cv_prog_cc_g=yes
ac_cv_prog_make_make_set=yes
am_cv_CC_dependencies_compiler_type=gcc3
am_cv_ar_interface=ar
am_cv_make_support_nested_variables=yes
am_cv_prog_cc_c_o=yes
lt_cv_ar_at_file=@
lt_cv_deplibs_check_method=pass_all
lt_cv_file_magic_cmd='$MAGIC_CMD'
lt_cv_file_magic_test_file=
lt_cv_ld_reload_flag=-r
lt_cv_nm_interface='BSD nm'
lt_cv_objdir=.libs
lt_cv_path_LD=/usr/bin/ld
lt_cv_path_NM='/usr/bin/nm -B'
lt_cv_path_mainfest_tool=no
lt_cv_prog_compiler_c_o=yes
lt_cv_prog_compiler_pic='-fPIC -DPIC'
lt_cv_prog_compiler_pic_works=yes
lt_cv_prog_compiler_rtti_exceptions=no
lt_cv_prog_compiler_static_works=yes
lt_cv_prog_gnu_ld=yes
lt_cv_sharedlib_from_linklib_cmd='printf %s\n'
lt_cv_shlibpath_overrides_runpath=yes
lt_cv_sys_global_symbol_pipe='sed -n -e '\''s/^.*[	 ]\([ABCDGIRSTW][ABCDGIRSTW]*\)[	 ][	 ]*\([_A-Za-z][_A-Za-z0-9]*\)$/\1 \2 \2/p'\'' | sed '\''/ __gnu_lto/d'\'''
lt_cv_sys_global_symbol_to_c_name_address='sed -n -e '\''s/^: \(.*\) .*$/  {"\1", (void *) 0},/p'\'' -e '\''s/^[ABCDGIRSTW][ABCDGIRSTW]* .* \(.*\)$/  {"\1", (void *) \&\1},/p'\'''
lt_cv_sys_global_symbol_to_c_name_address_lib_prefix='sed -n -e '\''s/^: \(.*\) .*$/  {"\1", (void *) 0},/p'\'' -e '\''s/^[ABCDGIRSTW][ABCDGIRSTW]* .* \(lib.*\)$/  {"\1", (void *) \&\1},/p'\'' -e '\''s/^[ABCDGIRSTW][ABCDGIRSTW]* .* \(.*\)$/  {"lib\1", (void *) \&\1},/p'\'''
lt_cv_sys_global_symbol_to_cdecl='sed -n -e '\''s/^T .* \(.*\)$/extern int \1();/p'\'' -e '\''s/^[ABCDGIRSTW][ABCDGIRSTW]* .* \(.*\)$/extern char \1;/p'\'''
lt_cv_sys_global_symbol_to_import=
lt_cv_sys_max_cmd_len=1572864
lt_cv_to_host_file_cmd=func_convert_file_noop
lt_cv_to_tool_file_cmd=func_convert_file_noop
lt_cv_truncate_bin='/bin/dd bs=4096 count=1'
pac_cv_have__func__=yes
pac_cv_have__function__=yes
pac_cv_have_cap__func__=no

## ----------------- ##
## Output variables. ##
## ----------------- ##

ACLOCAL='${SHELL} /home/pavel/cloud/BigMPI-master/m4/missing aclocal-1.15'
AMDEPBACKSLASH='\'
AMDEP_FALSE='#'
AMDEP_TRUE=''
AMTAR='$${TAR-tar}'
AM_BACKSLASH='\'
AM_DEFAULT_V='$(AM_DEFAULT_VERBOSITY)'
AM_DEFAULT_VERBOSITY='0'
AM_V='$(V)'
AR='ar'
AUTOCONF='${SHELL} /home/pavel/cloud/BigMPI-master/m4/missing autoconf'
AUTOHEADER='${SHELL} /home/pavel/cloud/BigMPI-master/m4/missing autoheader'
AUTOMAKE='${SHELL} /home/pavel/cloud/BigMPI-master/m4/missing automake-1.15'
AWK='mawk'
BIGMPI_NUMVERSION='100300'
BIGMPI_VERSION='0.1'
CC='mpicc'
CCDEPMODE='depmode=gcc3'
CFLAGS='-std=c99  -g -O0'
CPP='mpicc -E'
CPPFLAGS=''
CYGPATH_W='echo'
DEFS='-DHAVE_CONFIG_H'
DEPDIR='.deps'
DLLTOOL='false'
DOXYGEN=''
DSYMUTIL=''
DUMPBIN=''
ECHO_C=''
ECHO_N='-n'
ECHO_T=''
EGREP='/bin/grep -E'
EXEEXT=''
FGREP='/bin/grep -F'
GREP='/bin/grep'
INSTALL_DATA='${INSTALL} -m 644'
INSTALL_PROGRAM='${INSTALL}'
INSTALL_SCRIPT='${INSTALL}'
INSTALL_STRIP_PROGRAM='$(install_sh) -c -s'
LD='/usr/bin/ld -m elf_x86_64'
LDFLAGS=''
LIBOBJS=''
LIBS='-lm -lpthread'
LIBTOOL='$(SHELL) $(top_builddir)/libtool'
LIPO=''
LN_S='ln -s'
LTLIBOBJS=''
LT_SYS_LIBRARY_PATH=''
MAKEINFO='${SHELL} /home/pavel/cloud/BigMPI-master/m4/missing makeinfo'
MANIFEST_TOOL=':'
MKDIR_P='/bin/mkdir -p'
NM='/usr/bin/nm -B'
NMEDIT=''
OBJDUMP='objdump'
OBJEXT='o'
OTOOL64=''
OTOOL=''
PACKAGE='bigmpi'
PACKAGE_BUGREPORT=''
PACKAGE_NAME='bigmpi'
PACKAGE_STRING='bigmpi 0'
PACKAGE_TARNAME='bigmpi'
PACKAGE_URL=''
PACKAGE_VERSION='0'
PATH_SEPARATOR=':'
RANLIB='ranlib'
SED='/bin/sed'
SET_MAKE=''
SHELL='/bin/bash'
STRIP='strip'
VERSION='0'
ac_ct_AR='ar'
ac_ct_CC=''
ac_ct_DUMPBIN=''
am__EXEEXT_FALSE=''
am__EXEEXT_TRUE='#'
am__fastdepCC_FALSE='#'
am__fastdepCC_TRUE=''
am__include='include'
am__isrc=''
am__leading_dot='.'
am__nodep='_no'
am__quote=''
am__tar='$${TAR-tar} chof - "$$tardir"'
am__untar='$${TAR-tar} xf -'
bindir='${exec_prefix}/bin'
build='x86_64-pc-linux-gnu'
build_alias=''
build_cpu='x86_64'
build_os='linux-gnu'
build_vendor='pc'
datadir='${datarootdir}'
datarootdir='${prefix}/share'
docdir='${datarootdir}/doc/${PACKAGE_TARNAME}'
dvidir='${docdir}'
exec_prefix='${prefix}'
host='x86_64-pc-linux-gnu'
host_alias=''
host_cpu='x86_64'
host_os='linux-gnu'
host_vendor='pc'
htmldir='${docdir}'
includedir='${prefix}/include'
infodir='${datarootdir}/info'
install_sh='${SHELL} /home/pavel/cloud/BigMPI-master/m4/install-sh'
libbigmpi_abi_version='1:0:0'
libdir='${exec_prefix}/lib'
libexecdir='${exec_prefix}/libexec'
localedir='${datarootdir}/locale'
localstatedir='${prefix}/var'
mandir='${datarootdir}/man'
mkdir_p='$(MKDIR_P)'
oldincludedir='/usr/include'
pdfdir='${docdir}'
prefix='/usr/local'
program_transform_name='s,x,x,'
psdir='${docdir}'
runstatedir='${localstatedir}/run'
sbindir='${exec_prefix}/sbin'
sharedstatedir='${prefix}/com'
sysconfdir='${prefix}/etc'
target_alias=''
top_srcdir=''

## ----------- ##
## confdefs.h. ##
## ----------- ##

/* confdefs.h */
#define PACKAGE_NAME "bigmpi"
#define PACKAGE_TARNAME "bigmpi"
#define PACKAGE_VERSION "0"
#define PACKAGE_STRING "bigmpi 0"
#define PACKAGE_BUGREPORT ""
#define PACKAGE_URL ""
#define PACKAGE "bigmpi"
#define VERSION "0"
#define STDC_HEADERS 1
#define HAVE_SYS_TYPES_H 1
#define HAVE_SYS_STAT_H 1
#define HAVE_STDLIB_H 1
#define HAVE_STRING_H 1
#define HAVE_MEMORY_H 1
#define HAVE_STRINGS_H 1
#define HAVE_INTTYPES_H 1
#define HAVE_STDINT_H 1
#define HAVE_UNISTD_H 1
#define HAVE_DLFCN_H 1
#define LT_OBJDIR ".libs/"
#define HAVE__FUNC__ /**/
#define HAVE__FUNCTION__ /**/
#define HAVE_MACRO_VA_ARGS 1
#define restrict __restrict
#define HAVE_EXECINFO_H 1
#define HAVE_STDINT_H 1
#define HAVE_INTTYPES_H 1
#define BIGMPI_AVOID_TYPE_STRUCT 1
#define BIGMPI_MAX_INT 1048576
#define BIGMPI_CLEAVER 1

configure: exit 0
